# JRE version: Java(TM) SE Runtime Environment (21.0.3+7) (build 21.0.3+7-LTS-152)
# Java VM: Java HotSpot(TM) 64-Bit Server VM (21.0.3+7-LTS-152, mixed mode, emulated-client, sharing, tiered, compressed oops, compressed class ptrs, g1 gc, windows-amd64)
GC Precious Log:
 CardTable entry size: 512
 Card Set container configuration: InlinePtr #cards 4 size 8 Array Of Cards #cards 16 size 48 Howl #buckets 8 coarsen threshold 3686 Howl Bitmap #cards 512 size 80 coarsen threshold 460 Card regions per heap region 1 cards per card region 4096
 CPUs: 16 total, 16 available
 Memory: 16088M
 Large Page Support: Disabled
 NUMA Support: Disabled
 Compressed Oops: Enabled (Zero based)
 Heap Region Size: 2M
 Heap Min Capacity: 8M
 Heap Initial Capacity: 252M
 Heap Max Capacity: 4024M
 Pre-touch: Disabled
 Parallel Workers: 13
 Concurrent Workers: 3
 Concurrent Refinement Workers: 13
 Periodic GC: Disabled
Heap:
 garbage-first heap   total 92160K, used 61598K [0x0000000704800000, 0x0000000800000000)
  region size 2048K, 18 young (36864K), 4 survivors (8192K)
 Metaspace       used 66319K, committed 67136K, reserved 1114112K
  class space    used 9348K, committed 9728K, reserved 1048576K
GC Heap History (20 events):
Event: 0.919 GC heap before
{Heap before GC invocations=4 (full 0):
 garbage-first heap   total 61440K, used 44829K [0x0000000704800000, 0x0000000800000000)
  region size 2048K, 19 young (38912K), 3 survivors (6144K)
 Metaspace       used 22612K, committed 22912K, reserved 1114112K
  class space    used 3035K, committed 3200K, reserved 1048576K
}
Event: 0.922 GC heap after
{Heap after GC invocations=5 (full 0):
 garbage-first heap   total 61440K, used 15452K [0x0000000704800000, 0x0000000800000000)
  region size 2048K, 3 young (6144K), 3 survivors (6144K)
 Metaspace       used 22612K, committed 22912K, reserved 1114112K
  class space    used 3035K, committed 3200K, reserved 1048576K
}
Event: 1.120 GC heap before
{Heap before GC invocations=5 (full 0):
 garbage-first heap   total 61440K, used 46172K [0x0000000704800000, 0x0000000800000000)
  region size 2048K, 18 young (36864K), 3 survivors (6144K)
 Metaspace       used 24913K, committed 25344K, reserved 1114112K
  class space    used 3375K, committed 3584K, reserved 1048576K
}
Event: 1.123 GC heap after
{Heap after GC invocations=6 (full 0):
 garbage-first heap   total 61440K, used 16669K [0x0000000704800000, 0x0000000800000000)
  region size 2048K, 3 young (6144K), 3 survivors (6144K)
 Metaspace       used 24913K, committed 25344K, reserved 1114112K
  class space    used 3375K, committed 3584K, reserved 1048576K
}
Event: 1.388 GC heap before
{Heap before GC invocations=6 (full 0):
 garbage-first heap   total 61440K, used 47389K [0x0000000704800000, 0x0000000800000000)
  region size 2048K, 18 young (36864K), 3 survivors (6144K)
 Metaspace       used 28207K, committed 28736K, reserved 1114112K
  class space    used 3906K, committed 4160K, reserved 1048576K
}
Event: 1.391 GC heap after
{Heap after GC invocations=7 (full 0):
 garbage-first heap   total 159744K, used 18908K [0x0000000704800000, 0x0000000800000000)
  region size 2048K, 3 young (6144K), 3 survivors (6144K)
 Metaspace       used 28207K, committed 28736K, reserved 1114112K
  class space    used 3906K, committed 4160K, reserved 1048576K
}
Event: 1.478 GC heap before
{Heap before GC invocations=7 (full 0):
 garbage-first heap   total 159744K, used 29148K [0x0000000704800000, 0x0000000800000000)
  region size 2048K, 9 young (18432K), 3 survivors (6144K)
 Metaspace       used 30340K, committed 30848K, reserved 1114112K
  class space    used 4184K, committed 4416K, reserved 1048576K
}
Event: 1.481 GC heap after
{Heap after GC invocations=8 (full 0):
 garbage-first heap   total 159744K, used 19756K [0x0000000704800000, 0x0000000800000000)
  region size 2048K, 3 young (6144K), 3 survivors (6144K)
 Metaspace       used 30340K, committed 30848K, reserved 1114112K
  class space    used 4184K, committed 4416K, reserved 1048576K
}
Event: 1.796 GC heap before
{Heap before GC invocations=9 (full 0):
 garbage-first heap   total 75776K, used 58668K [0x0000000704800000, 0x0000000800000000)
  region size 2048K, 22 young (45056K), 3 survivors (6144K)
 Metaspace       used 35131K, committed 35712K, reserved 1114112K
  class space    used 4851K, committed 5120K, reserved 1048576K
}
Event: 1.800 GC heap after
{Heap after GC invocations=10 (full 0):
 garbage-first heap   total 75776K, used 22473K [0x0000000704800000, 0x0000000800000000)
  region size 2048K, 3 young (6144K), 3 survivors (6144K)
 Metaspace       used 35131K, committed 35712K, reserved 1114112K
  class space    used 4851K, committed 5120K, reserved 1048576K
}
Event: 2.081 GC heap before
{Heap before GC invocations=10 (full 0):
 garbage-first heap   total 75776K, used 61385K [0x0000000704800000, 0x0000000800000000)
  region size 2048K, 22 young (45056K), 3 survivors (6144K)
 Metaspace       used 40703K, committed 41280K, reserved 1114112K
  class space    used 5684K, committed 5952K, reserved 1048576K
}
Event: 2.085 GC heap after
{Heap after GC invocations=11 (full 0):
 garbage-first heap   total 75776K, used 24512K [0x0000000704800000, 0x0000000800000000)
  region size 2048K, 3 young (6144K), 3 survivors (6144K)
 Metaspace       used 40703K, committed 41280K, reserved 1114112K
  class space    used 5684K, committed 5952K, reserved 1048576K
}
Event: 2.430 GC heap before
{Heap before GC invocations=11 (full 0):
 garbage-first heap   total 75776K, used 51136K [0x0000000704800000, 0x0000000800000000)
  region size 2048K, 17 young (34816K), 3 survivors (6144K)
 Metaspace       used 51027K, committed 51648K, reserved 1114112K
  class space    used 7047K, committed 7360K, reserved 1048576K
}
Event: 2.433 GC heap after
{Heap after GC invocations=12 (full 0):
 garbage-first heap   total 92160K, used 27098K [0x0000000704800000, 0x0000000800000000)
  region size 2048K, 3 young (6144K), 3 survivors (6144K)
 Metaspace       used 51027K, committed 51648K, reserved 1114112K
  class space    used 7047K, committed 7360K, reserved 1048576K
}
Event: 2.801 GC heap before
{Heap before GC invocations=13 (full 0):
 garbage-first heap   total 92160K, used 76250K [0x0000000704800000, 0x0000000800000000)
  region size 2048K, 27 young (55296K), 3 survivors (6144K)
 Metaspace       used 59064K, committed 59648K, reserved 1114112K
  class space    used 8240K, committed 8512K, reserved 1048576K
}
Event: 2.805 GC heap after
{Heap after GC invocations=14 (full 0):
 garbage-first heap   total 92160K, used 30439K [0x0000000704800000, 0x0000000800000000)
  region size 2048K, 4 young (8192K), 4 survivors (8192K)
 Metaspace       used 59064K, committed 59648K, reserved 1114112K
  class space    used 8240K, committed 8512K, reserved 1048576K
}
Event: 3.116 GC heap before
{Heap before GC invocations=14 (full 0):
 garbage-first heap   total 92160K, used 75495K [0x0000000704800000, 0x0000000800000000)
  region size 2048K, 26 young (53248K), 4 survivors (8192K)
 Metaspace       used 61265K, committed 61952K, reserved 1114112K
  class space    used 8597K, committed 8896K, reserved 1048576K
}
Event: 3.120 GC heap after
{Heap after GC invocations=15 (full 0):
 garbage-first heap   total 92160K, used 33812K [0x0000000704800000, 0x0000000800000000)
  region size 2048K, 4 young (8192K), 4 survivors (8192K)
 Metaspace       used 61265K, committed 61952K, reserved 1114112K
  class space    used 8597K, committed 8896K, reserved 1048576K
}
Event: 3.361 GC heap before
{Heap before GC invocations=15 (full 0):
 garbage-first heap   total 92160K, used 76820K [0x0000000704800000, 0x0000000800000000)
  region size 2048K, 25 young (51200K), 4 survivors (8192K)
 Metaspace       used 63315K, committed 64000K, reserved 1114112K
  class space    used 8877K, committed 9152K, reserved 1048576K
}
Event: 3.365 GC heap after
{Heap after GC invocations=16 (full 0):
 garbage-first heap   total 92160K, used 37022K [0x0000000704800000, 0x0000000800000000)
  region size 2048K, 4 young (8192K), 4 survivors (8192K)
 Metaspace       used 63315K, committed 64000K, reserved 1114112K
  class space    used 8877K, committed 9152K, reserved 1048576K
}

